[26/May/2019:16:43:36] (ℹ️): WordPress Instance Info:
[26/May/2019:16:43:36] (ℹ️): Home URL : http://prostosite.vn.ua
[26/May/2019:16:43:36] (ℹ️): Site URL : http://prostosite.vn.ua
[26/May/2019:16:43:36] (ℹ️): WordPress Version : 5.2.1
[26/May/2019:16:43:36] (ℹ️): Onboarding Version : 1.3.6
[26/May/2019:16:43:36] (ℹ️): Multisite : No
[26/May/2019:16:43:36] (ℹ️): Server Info : Apache/2.2.22 (Debian)
[26/May/2019:16:43:36] (ℹ️): PHP Version : 7.2.6
[26/May/2019:16:43:36] (ℹ️): HTTPS : No
[26/May/2019:16:43:36] (ℹ️): PHP Max Execution Time : 300
[26/May/2019:16:43:36] (ℹ️): PHP Max Input Vars : 1000
[26/May/2019:16:43:36] (ℹ️): Max Upload Size : 134217728
[26/May/2019:16:43:36] (ℹ️): Plugins:
[26/May/2019:16:43:36] (ℹ️): [PLUGIN] BackWPup : v3.6.9 (Inpsyde GmbH)
[26/May/2019:16:43:36] (ℹ️): [PLUGIN] Contact Form 7 : v5.1.3 (Takayuki Miyoshi)
[26/May/2019:16:43:36] (ℹ️): [PLUGIN] HTTP / HTTPS Remover : v2.2 (CONDACORE)
[26/May/2019:16:43:36] (ℹ️): [PLUGIN] Image optimization service by Optimole : v2.0.6 (Optimole)
[26/May/2019:16:43:36] (ℹ️): [PLUGIN] Gutenberg Blocks and Template Library by Otter : v1.2.3 (ThemeIsle)
[26/May/2019:16:43:36] (ℹ️): [PLUGIN] RusToLat : v0.3 (Anton Skorobogatov )
[26/May/2019:16:43:36] (ℹ️): [PLUGIN] Simple Page Ordering : v2.3.2 (Jake Goldman, 10up)
[26/May/2019:16:43:36] (ℹ️): [PLUGIN] Orbit Fox Companion : v2.8.4 (Themeisle)
[26/May/2019:16:43:36] (ℹ️): [PLUGIN] Visualizer: Tables and Charts Manager for WordPress : v3.2.1 (Themeisle)
[26/May/2019:16:43:36] (ℹ️): [PLUGIN] Yoast SEO : v11.2.1 (Team Yoast)
[26/May/2019:16:43:36] (ℹ️): [PLUGIN] WPForms Lite : v1.5.2.3 (WPForms)
